app/build/intermediates/manifest_merge_blame_file/release/processReleaseMainManifest/manifest-merger-blame-release-report.txt
1<?xml version="1.0" encoding="utf-8"?>
2<manifest xmlns:android="http://schemas.android.com/apk/res/android"
3    package="com.synapse.social.studioasinc"
4    android:versionCode="14"
5    android:versionName="1.0.0-alpha06" >
6
7    <uses-sdk
8        android:minSdkVersion="26"
9        android:targetSdkVersion="32" />
10
11    <uses-permission android:name="android.permission.INTERNET" />
11-->src/main/AndroidManifest.xml:4:2-64
11-->src/main/AndroidManifest.xml:4:19-61
12    <uses-permission android:name="android.permission.POST_NOTIFICATIONS" />
12-->src/main/AndroidManifest.xml:5:2-73
12-->src/main/AndroidManifest.xml:5:19-71
13    <uses-permission android:name="android.permission.VIBRATE" />
13-->src/main/AndroidManifest.xml:6:2-63
13-->src/main/AndroidManifest.xml:6:19-60
14    <uses-permission android:name="android.permission.ACCESS_NETWORK_STATE" />
14-->src/main/AndroidManifest.xml:7:2-76
14-->src/main/AndroidManifest.xml:7:19-73
15    <uses-permission android:name="android.permission.READ_EXTERNAL_STORAGE" />
15-->src/main/AndroidManifest.xml:8:2-77
15-->src/main/AndroidManifest.xml:8:19-74
16    <uses-permission android:name="android.permission.WRITE_EXTERNAL_STORAGE" />
16-->src/main/AndroidManifest.xml:9:2-78
16-->src/main/AndroidManifest.xml:9:19-75
17    <uses-permission android:name="android.permission.READ_MEDIA_IMAGES" />
17-->src/main/AndroidManifest.xml:10:2-73
17-->src/main/AndroidManifest.xml:10:19-70
18    <uses-permission android:name="android.permission.READ_MEDIA_AUDIO" />
18-->src/main/AndroidManifest.xml:11:2-72
18-->src/main/AndroidManifest.xml:11:19-69
19    <uses-permission android:name="android.permission.READ_MEDIA_VIDEO" />
19-->src/main/AndroidManifest.xml:12:2-72
19-->src/main/AndroidManifest.xml:12:19-69
20    <uses-permission android:name="android.permission.WRITE_MEDIA_STORAGE" />
20-->src/main/AndroidManifest.xml:13:2-75
20-->src/main/AndroidManifest.xml:13:19-72
21    <uses-permission android:name="android.permission.CAMERA" />
21-->src/main/AndroidManifest.xml:14:2-62
21-->src/main/AndroidManifest.xml:14:19-59
22    <uses-permission android:name="android.permission.RECORD_AUDIO" />
22-->src/main/AndroidManifest.xml:15:2-68
22-->src/main/AndroidManifest.xml:15:19-65
23    <!-- Create a unique permission for your app and use it so only your app can receive your OneSignal messages. -->
24    <permission
24-->[com.onesignal:notifications:5.3.0-alpha-01] AndroidManifest.xml:8:5-10:47
25        android:name="com.synapse.social.studioasinc.permission.C2D_MESSAGE"
25-->[com.onesignal:notifications:5.3.0-alpha-01] AndroidManifest.xml:9:9-63
26        android:protectionLevel="signature" />
26-->[com.onesignal:notifications:5.3.0-alpha-01] AndroidManifest.xml:10:9-44
27
28    <uses-permission android:name="com.synapse.social.studioasinc.permission.C2D_MESSAGE" /> <!-- Required, makes sure notifications are delivered on time. -->
28-->[com.onesignal:notifications:5.3.0-alpha-01] AndroidManifest.xml:12:5-79
28-->[com.onesignal:notifications:5.3.0-alpha-01] AndroidManifest.xml:12:22-76
29    <uses-permission android:name="android.permission.WAKE_LOCK" /> <!-- c2dm RECEIVE are basic requirements for push messages through Google's FCM -->
29-->[com.onesignal:notifications:5.3.0-alpha-01] AndroidManifest.xml:16:5-68
29-->[com.onesignal:notifications:5.3.0-alpha-01] AndroidManifest.xml:16:22-65
30    <uses-permission android:name="com.google.android.c2dm.permission.RECEIVE" />
30-->[com.onesignal:notifications:5.3.0-alpha-01] AndroidManifest.xml:17:5-82
30-->[com.onesignal:notifications:5.3.0-alpha-01] AndroidManifest.xml:17:22-79
31    <!--
32 Use to restore notifications the user hasn't interacted with.
33     They could be missed notifications if the user reboots their device if this isn't in place.
34    -->
35    <uses-permission android:name="android.permission.RECEIVE_BOOT_COMPLETED" /> <!-- START: ShortcutBadger -->
35-->[com.onesignal:notifications:5.3.0-alpha-01] AndroidManifest.xml:27:5-81
35-->[com.onesignal:notifications:5.3.0-alpha-01] AndroidManifest.xml:27:22-78
36    <!-- Samsung -->
37    <uses-permission android:name="com.sec.android.provider.badge.permission.READ" />
37-->[com.onesignal:notifications:5.3.0-alpha-01] AndroidManifest.xml:29:5-86
37-->[com.onesignal:notifications:5.3.0-alpha-01] AndroidManifest.xml:29:22-83
38    <uses-permission android:name="com.sec.android.provider.badge.permission.WRITE" /> <!-- HTC -->
38-->[com.onesignal:notifications:5.3.0-alpha-01] AndroidManifest.xml:30:5-87
38-->[com.onesignal:notifications:5.3.0-alpha-01] AndroidManifest.xml:30:22-84
39    <uses-permission android:name="com.htc.launcher.permission.READ_SETTINGS" />
39-->[com.onesignal:notifications:5.3.0-alpha-01] AndroidManifest.xml:31:5-81
39-->[com.onesignal:notifications:5.3.0-alpha-01] AndroidManifest.xml:31:22-78
40    <uses-permission android:name="com.htc.launcher.permission.UPDATE_SHORTCUT" /> <!-- Sony -->
40-->[com.onesignal:notifications:5.3.0-alpha-01] AndroidManifest.xml:32:5-83
40-->[com.onesignal:notifications:5.3.0-alpha-01] AndroidManifest.xml:32:22-80
41    <uses-permission android:name="com.sonyericsson.home.permission.BROADCAST_BADGE" />
41-->[com.onesignal:notifications:5.3.0-alpha-01] AndroidManifest.xml:33:5-88
41-->[com.onesignal:notifications:5.3.0-alpha-01] AndroidManifest.xml:33:22-85
42    <uses-permission android:name="com.sonymobile.home.permission.PROVIDER_INSERT_BADGE" /> <!-- Apex -->
42-->[com.onesignal:notifications:5.3.0-alpha-01] AndroidManifest.xml:34:5-92
42-->[com.onesignal:notifications:5.3.0-alpha-01] AndroidManifest.xml:34:22-89
43    <uses-permission android:name="com.anddoes.launcher.permission.UPDATE_COUNT" /> <!-- Solid -->
43-->[com.onesignal:notifications:5.3.0-alpha-01] AndroidManifest.xml:35:5-84
43-->[com.onesignal:notifications:5.3.0-alpha-01] AndroidManifest.xml:35:22-81
44    <uses-permission android:name="com.majeur.launcher.permission.UPDATE_BADGE" /> <!-- Huawei -->
44-->[com.onesignal:notifications:5.3.0-alpha-01] AndroidManifest.xml:36:5-83
44-->[com.onesignal:notifications:5.3.0-alpha-01] AndroidManifest.xml:36:22-80
45    <uses-permission android:name="com.huawei.android.launcher.permission.CHANGE_BADGE" />
45-->[com.onesignal:notifications:5.3.0-alpha-01] AndroidManifest.xml:37:5-91
45-->[com.onesignal:notifications:5.3.0-alpha-01] AndroidManifest.xml:37:22-88
46    <uses-permission android:name="com.huawei.android.launcher.permission.READ_SETTINGS" />
46-->[com.onesignal:notifications:5.3.0-alpha-01] AndroidManifest.xml:38:5-92
46-->[com.onesignal:notifications:5.3.0-alpha-01] AndroidManifest.xml:38:22-89
47    <uses-permission android:name="com.huawei.android.launcher.permission.WRITE_SETTINGS" /> <!-- ZUK -->
47-->[com.onesignal:notifications:5.3.0-alpha-01] AndroidManifest.xml:39:5-93
47-->[com.onesignal:notifications:5.3.0-alpha-01] AndroidManifest.xml:39:22-90
48    <uses-permission android:name="android.permission.READ_APP_BADGE" /> <!-- OPPO -->
48-->[com.onesignal:notifications:5.3.0-alpha-01] AndroidManifest.xml:40:5-73
48-->[com.onesignal:notifications:5.3.0-alpha-01] AndroidManifest.xml:40:22-70
49    <uses-permission android:name="com.oppo.launcher.permission.READ_SETTINGS" />
49-->[com.onesignal:notifications:5.3.0-alpha-01] AndroidManifest.xml:41:5-82
49-->[com.onesignal:notifications:5.3.0-alpha-01] AndroidManifest.xml:41:22-79
50    <uses-permission android:name="com.oppo.launcher.permission.WRITE_SETTINGS" /> <!-- EvMe -->
50-->[com.onesignal:notifications:5.3.0-alpha-01] AndroidManifest.xml:42:5-83
50-->[com.onesignal:notifications:5.3.0-alpha-01] AndroidManifest.xml:42:22-80
51    <uses-permission android:name="me.everything.badger.permission.BADGE_COUNT_READ" />
51-->[com.onesignal:notifications:5.3.0-alpha-01] AndroidManifest.xml:43:5-88
51-->[com.onesignal:notifications:5.3.0-alpha-01] AndroidManifest.xml:43:22-85
52    <uses-permission android:name="me.everything.badger.permission.BADGE_COUNT_WRITE" />
52-->[com.onesignal:notifications:5.3.0-alpha-01] AndroidManifest.xml:44:5-89
52-->[com.onesignal:notifications:5.3.0-alpha-01] AndroidManifest.xml:44:22-86
53    <uses-permission android:name="android.permission.FOREGROUND_SERVICE" />
53-->[androidx.work:work-runtime:2.10.3] AndroidManifest.xml:26:5-77
53-->[androidx.work:work-runtime:2.10.3] AndroidManifest.xml:26:22-74
54    <uses-permission android:name="com.google.android.finsky.permission.BIND_GET_INSTALL_REFERRER_SERVICE" />
54-->[com.google.android.gms:play-services-measurement:22.5.0] AndroidManifest.xml:26:5-110
54-->[com.google.android.gms:play-services-measurement:22.5.0] AndroidManifest.xml:26:22-107
55    <uses-permission android:name="com.google.android.gms.permission.AD_ID" />
55-->[com.google.android.gms:play-services-measurement-impl:22.5.0] AndroidManifest.xml:27:5-79
55-->[com.google.android.gms:play-services-measurement-impl:22.5.0] AndroidManifest.xml:27:22-76
56
57    <permission
57-->[androidx.core:core:1.17.0-rc01] AndroidManifest.xml:22:5-24:47
58        android:name="com.synapse.social.studioasinc.DYNAMIC_RECEIVER_NOT_EXPORTED_PERMISSION"
58-->[androidx.core:core:1.17.0-rc01] AndroidManifest.xml:23:9-81
59        android:protectionLevel="signature" />
59-->[androidx.core:core:1.17.0-rc01] AndroidManifest.xml:24:9-44
60
61    <uses-permission android:name="com.synapse.social.studioasinc.DYNAMIC_RECEIVER_NOT_EXPORTED_PERMISSION" />
61-->[androidx.core:core:1.17.0-rc01] AndroidManifest.xml:26:5-97
61-->[androidx.core:core:1.17.0-rc01] AndroidManifest.xml:26:22-94
62    <uses-permission android:name="com.google.android.providers.gsf.permission.READ_GSERVICES" />
62-->[com.google.android.recaptcha:recaptcha:18.6.1] AndroidManifest.xml:9:5-98
62-->[com.google.android.recaptcha:recaptcha:18.6.1] AndroidManifest.xml:9:22-95
63    <uses-permission android:name="android.permission.ACCESS_ADSERVICES_ATTRIBUTION" />
63-->[com.google.android.gms:play-services-measurement-api:22.5.0] AndroidManifest.xml:26:5-88
63-->[com.google.android.gms:play-services-measurement-api:22.5.0] AndroidManifest.xml:26:22-85
64    <uses-permission android:name="android.permission.ACCESS_ADSERVICES_AD_ID" />
64-->[com.google.android.gms:play-services-measurement-api:22.5.0] AndroidManifest.xml:27:5-82
64-->[com.google.android.gms:play-services-measurement-api:22.5.0] AndroidManifest.xml:27:22-79
65
66    <application
66-->src/main/AndroidManifest.xml:16:2-296:16
67        android:name="com.synapse.social.studioasinc.SynapseApp"
67-->src/main/AndroidManifest.xml:20:3-29
68        android:allowBackup="true"
68-->src/main/AndroidManifest.xml:17:3-29
69        android:appComponentFactory="androidx.core.app.CoreComponentFactory"
69-->[androidx.core:core:1.17.0-rc01] AndroidManifest.xml:28:18-86
70        android:extractNativeLibs="false"
71        android:icon="@mipmap/ic_launcher"
71-->src/main/AndroidManifest.xml:18:3-37
72        android:label="@string/app_name"
72-->src/main/AndroidManifest.xml:19:3-35
73        android:requestLegacyExternalStorage="true"
73-->src/main/AndroidManifest.xml:21:3-46
74        android:roundIcon="@mipmap/ic_launcher_round"
74-->src/main/AndroidManifest.xml:24:3-48
75        android:theme="@style/AppTheme"
75-->src/main/AndroidManifest.xml:23:3-34
76        android:usesCleartextTraffic="true" >
76-->src/main/AndroidManifest.xml:22:3-38
77        <activity
77-->src/main/AndroidManifest.xml:25:3-31:48
78            android:name="com.synapse.social.studioasinc.MainActivity"
78-->src/main/AndroidManifest.xml:26:4-32
79            android:configChanges="orientation|screenSize|keyboardHidden|smallestScreenSize|screenLayout"
79-->src/main/AndroidManifest.xml:27:4-97
80            android:hardwareAccelerated="true"
80-->src/main/AndroidManifest.xml:28:4-38
81            android:screenOrientation="portrait"
81-->src/main/AndroidManifest.xml:30:4-40
82            android:supportsPictureInPicture="true"
82-->src/main/AndroidManifest.xml:29:4-43
83            android:windowSoftInputMode="stateHidden" />
83-->src/main/AndroidManifest.xml:31:4-45
84        <activity
84-->src/main/AndroidManifest.xml:32:3-37:48
85            android:name="com.synapse.social.studioasinc.HomeActivity"
85-->src/main/AndroidManifest.xml:33:4-32
86            android:configChanges="orientation|screenSize|keyboardHidden|smallestScreenSize|screenLayout"
86-->src/main/AndroidManifest.xml:34:4-97
87            android:hardwareAccelerated="true"
87-->src/main/AndroidManifest.xml:35:4-38
88            android:supportsPictureInPicture="true"
88-->src/main/AndroidManifest.xml:36:4-43
89            android:windowSoftInputMode="stateHidden" />
89-->src/main/AndroidManifest.xml:37:4-45
90        <activity
90-->src/main/AndroidManifest.xml:38:3-44:48
91            android:name="com.synapse.social.studioasinc.SearchActivity"
91-->src/main/AndroidManifest.xml:39:4-34
92            android:configChanges="orientation|screenSize|keyboardHidden|smallestScreenSize|screenLayout"
92-->src/main/AndroidManifest.xml:40:4-97
93            android:hardwareAccelerated="true"
93-->src/main/AndroidManifest.xml:41:4-38
94            android:screenOrientation="portrait"
94-->src/main/AndroidManifest.xml:43:4-40
95            android:supportsPictureInPicture="true"
95-->src/main/AndroidManifest.xml:42:4-43
96            android:windowSoftInputMode="stateHidden" />
96-->src/main/AndroidManifest.xml:44:4-45
97        <activity
97-->src/main/AndroidManifest.xml:45:3-51:48
98            android:name="com.synapse.social.studioasinc.DebugActivity"
98-->src/main/AndroidManifest.xml:46:4-33
99            android:configChanges="orientation|screenSize|keyboardHidden|smallestScreenSize|screenLayout"
99-->src/main/AndroidManifest.xml:47:4-97
100            android:hardwareAccelerated="true"
100-->src/main/AndroidManifest.xml:48:4-38
101            android:screenOrientation="portrait"
101-->src/main/AndroidManifest.xml:50:4-40
102            android:supportsPictureInPicture="true"
102-->src/main/AndroidManifest.xml:49:4-43
103            android:windowSoftInputMode="stateHidden" />
103-->src/main/AndroidManifest.xml:51:4-45
104        <activity
104-->src/main/AndroidManifest.xml:52:3-58:48
105            android:name="com.synapse.social.studioasinc.ProfileActivity"
105-->src/main/AndroidManifest.xml:53:4-35
106            android:configChanges="orientation|screenSize|keyboardHidden|smallestScreenSize|screenLayout"
106-->src/main/AndroidManifest.xml:54:4-97
107            android:hardwareAccelerated="true"
107-->src/main/AndroidManifest.xml:55:4-38
108            android:screenOrientation="portrait"
108-->src/main/AndroidManifest.xml:57:4-40
109            android:supportsPictureInPicture="true"
109-->src/main/AndroidManifest.xml:56:4-43
110            android:windowSoftInputMode="stateHidden" />
110-->src/main/AndroidManifest.xml:58:4-45
111        <activity
111-->src/main/AndroidManifest.xml:59:3-65:48
112            android:name="com.synapse.social.studioasinc.ProfileEditActivity"
112-->src/main/AndroidManifest.xml:60:4-39
113            android:configChanges="orientation|screenSize|keyboardHidden|smallestScreenSize|screenLayout"
113-->src/main/AndroidManifest.xml:61:4-97
114            android:hardwareAccelerated="true"
114-->src/main/AndroidManifest.xml:62:4-38
115            android:screenOrientation="portrait"
115-->src/main/AndroidManifest.xml:64:4-40
116            android:supportsPictureInPicture="true"
116-->src/main/AndroidManifest.xml:63:4-43
117            android:windowSoftInputMode="stateHidden" />
117-->src/main/AndroidManifest.xml:65:4-45
118        <activity
118-->src/main/AndroidManifest.xml:66:3-72:48
119            android:name="com.synapse.social.studioasinc.SelectRegionActivity"
119-->src/main/AndroidManifest.xml:67:4-40
120            android:configChanges="orientation|screenSize|keyboardHidden|smallestScreenSize|screenLayout"
120-->src/main/AndroidManifest.xml:68:4-97
121            android:hardwareAccelerated="true"
121-->src/main/AndroidManifest.xml:69:4-38
122            android:screenOrientation="portrait"
122-->src/main/AndroidManifest.xml:71:4-40
123            android:supportsPictureInPicture="true"
123-->src/main/AndroidManifest.xml:70:4-43
124            android:windowSoftInputMode="stateHidden" />
124-->src/main/AndroidManifest.xml:72:4-45
125        <activity
125-->src/main/AndroidManifest.xml:73:3-79:48
126            android:name="com.synapse.social.studioasinc.ProfilePhotoHistoryActivity"
126-->src/main/AndroidManifest.xml:74:4-47
127            android:configChanges="orientation|screenSize|keyboardHidden|smallestScreenSize|screenLayout"
127-->src/main/AndroidManifest.xml:75:4-97
128            android:hardwareAccelerated="true"
128-->src/main/AndroidManifest.xml:76:4-38
129            android:screenOrientation="portrait"
129-->src/main/AndroidManifest.xml:78:4-40
130            android:supportsPictureInPicture="true"
130-->src/main/AndroidManifest.xml:77:4-43
131            android:windowSoftInputMode="stateHidden" />
131-->src/main/AndroidManifest.xml:79:4-45
132        <activity
132-->src/main/AndroidManifest.xml:80:3-86:48
133            android:name="com.synapse.social.studioasinc.ProfileCoverPhotoHistoryActivity"
133-->src/main/AndroidManifest.xml:81:4-52
134            android:configChanges="orientation|screenSize|keyboardHidden|smallestScreenSize|screenLayout"
134-->src/main/AndroidManifest.xml:82:4-97
135            android:hardwareAccelerated="true"
135-->src/main/AndroidManifest.xml:83:4-38
136            android:screenOrientation="portrait"
136-->src/main/AndroidManifest.xml:85:4-40
137            android:supportsPictureInPicture="true"
137-->src/main/AndroidManifest.xml:84:4-43
138            android:windowSoftInputMode="stateHidden" />
138-->src/main/AndroidManifest.xml:86:4-45
139        <activity
139-->src/main/AndroidManifest.xml:87:3-93:48
140            android:name="com.synapse.social.studioasinc.UserFollowsListActivity"
140-->src/main/AndroidManifest.xml:88:4-43
141            android:configChanges="orientation|screenSize|keyboardHidden|smallestScreenSize|screenLayout"
141-->src/main/AndroidManifest.xml:89:4-97
142            android:hardwareAccelerated="true"
142-->src/main/AndroidManifest.xml:90:4-38
143            android:screenOrientation="portrait"
143-->src/main/AndroidManifest.xml:92:4-40
144            android:supportsPictureInPicture="true"
144-->src/main/AndroidManifest.xml:91:4-43
145            android:windowSoftInputMode="stateHidden" />
145-->src/main/AndroidManifest.xml:93:4-45
146        <activity
146-->src/main/AndroidManifest.xml:94:3-100:48
147            android:name="com.synapse.social.studioasinc.MessagesActivity"
147-->src/main/AndroidManifest.xml:95:4-36
148            android:configChanges="orientation|screenSize|keyboardHidden|smallestScreenSize|screenLayout"
148-->src/main/AndroidManifest.xml:96:4-97
149            android:hardwareAccelerated="true"
149-->src/main/AndroidManifest.xml:97:4-38
150            android:screenOrientation="portrait"
150-->src/main/AndroidManifest.xml:99:4-40
151            android:supportsPictureInPicture="true"
151-->src/main/AndroidManifest.xml:98:4-43
152            android:windowSoftInputMode="stateHidden" />
152-->src/main/AndroidManifest.xml:100:4-45
153        <activity
153-->src/main/AndroidManifest.xml:101:3-107:48
154            android:name="com.synapse.social.studioasinc.CreateLineVideoActivity"
154-->src/main/AndroidManifest.xml:102:4-43
155            android:configChanges="orientation|screenSize|keyboardHidden|smallestScreenSize|screenLayout"
155-->src/main/AndroidManifest.xml:103:4-97
156            android:hardwareAccelerated="true"
156-->src/main/AndroidManifest.xml:104:4-38
157            android:screenOrientation="portrait"
157-->src/main/AndroidManifest.xml:106:4-40
158            android:supportsPictureInPicture="true"
158-->src/main/AndroidManifest.xml:105:4-43
159            android:windowSoftInputMode="stateHidden" />
159-->src/main/AndroidManifest.xml:107:4-45
160        <activity
160-->src/main/AndroidManifest.xml:108:3-113:43
161            android:name="com.synapse.social.studioasinc.LineVideoPlayerActivity"
161-->src/main/AndroidManifest.xml:109:4-43
162            android:configChanges="orientation|screenSize|keyboardHidden|smallestScreenSize|screenLayout"
162-->src/main/AndroidManifest.xml:110:4-97
163            android:hardwareAccelerated="true"
163-->src/main/AndroidManifest.xml:111:4-38
164            android:screenOrientation="portrait"
164-->src/main/AndroidManifest.xml:113:4-40
165            android:supportsPictureInPicture="true" />
165-->src/main/AndroidManifest.xml:112:4-43
166        <activity
166-->src/main/AndroidManifest.xml:114:3-120:48
167            android:name="com.synapse.social.studioasinc.CreateLineVideoNextStepActivity"
167-->src/main/AndroidManifest.xml:115:4-51
168            android:configChanges="orientation|screenSize|keyboardHidden|smallestScreenSize|screenLayout"
168-->src/main/AndroidManifest.xml:116:4-97
169            android:hardwareAccelerated="true"
169-->src/main/AndroidManifest.xml:117:4-38
170            android:screenOrientation="portrait"
170-->src/main/AndroidManifest.xml:119:4-40
171            android:supportsPictureInPicture="true"
171-->src/main/AndroidManifest.xml:118:4-43
172            android:windowSoftInputMode="stateHidden" />
172-->src/main/AndroidManifest.xml:120:4-45
173        <activity
173-->src/main/AndroidManifest.xml:121:3-125:46
174            android:name="com.synapse.social.studioasinc.Chat2ndUserMoreSettingsActivity"
174-->src/main/AndroidManifest.xml:122:4-51
175            android:configChanges="orientation|screenSize|keyboardHidden|smallestScreenSize|screenLayout"
175-->src/main/AndroidManifest.xml:123:4-97
176            android:hardwareAccelerated="true"
176-->src/main/AndroidManifest.xml:124:4-38
177            android:supportsPictureInPicture="true" />
177-->src/main/AndroidManifest.xml:125:4-43
178        <activity
178-->src/main/AndroidManifest.xml:126:3-132:48
179            android:name="com.synapse.social.studioasinc.ChatActivity"
179-->src/main/AndroidManifest.xml:127:4-32
180            android:configChanges="orientation|screenSize|keyboardHidden|smallestScreenSize|screenLayout"
180-->src/main/AndroidManifest.xml:128:4-97
181            android:hardwareAccelerated="true"
181-->src/main/AndroidManifest.xml:129:4-38
182            android:screenOrientation="portrait"
182-->src/main/AndroidManifest.xml:131:4-40
183            android:supportsPictureInPicture="true"
183-->src/main/AndroidManifest.xml:130:4-43
184            android:windowSoftInputMode="stateHidden" />
184-->src/main/AndroidManifest.xml:132:4-45
185        <activity
185-->src/main/AndroidManifest.xml:133:3-139:48
186            android:name="com.synapse.social.studioasinc.ChatsettingsActivity"
186-->src/main/AndroidManifest.xml:134:4-40
187            android:configChanges="orientation|screenSize|keyboardHidden|smallestScreenSize|screenLayout"
187-->src/main/AndroidManifest.xml:135:4-97
188            android:hardwareAccelerated="true"
188-->src/main/AndroidManifest.xml:136:4-38
189            android:screenOrientation="portrait"
189-->src/main/AndroidManifest.xml:138:4-40
190            android:supportsPictureInPicture="true"
190-->src/main/AndroidManifest.xml:137:4-43
191            android:windowSoftInputMode="stateHidden" />
191-->src/main/AndroidManifest.xml:139:4-45
192        <activity
192-->src/main/AndroidManifest.xml:140:3-146:48
193            android:name="com.synapse.social.studioasinc.CreateImagePostNextStepActivity"
193-->src/main/AndroidManifest.xml:141:4-51
194            android:configChanges="orientation|screenSize|keyboardHidden|smallestScreenSize|screenLayout"
194-->src/main/AndroidManifest.xml:142:4-97
195            android:hardwareAccelerated="true"
195-->src/main/AndroidManifest.xml:143:4-38
196            android:screenOrientation="portrait"
196-->src/main/AndroidManifest.xml:145:4-40
197            android:supportsPictureInPicture="true"
197-->src/main/AndroidManifest.xml:144:4-43
198            android:windowSoftInputMode="stateHidden" />
198-->src/main/AndroidManifest.xml:146:4-45
199        <activity
199-->src/main/AndroidManifest.xml:147:3-153:48
200            android:name="com.synapse.social.studioasinc.CreateImagePostActivity"
200-->src/main/AndroidManifest.xml:148:4-43
201            android:configChanges="orientation|screenSize|keyboardHidden|smallestScreenSize|screenLayout"
201-->src/main/AndroidManifest.xml:149:4-97
202            android:hardwareAccelerated="true"
202-->src/main/AndroidManifest.xml:150:4-38
203            android:screenOrientation="portrait"
203-->src/main/AndroidManifest.xml:152:4-40
204            android:supportsPictureInPicture="true"
204-->src/main/AndroidManifest.xml:151:4-43
205            android:windowSoftInputMode="stateHidden" />
205-->src/main/AndroidManifest.xml:153:4-45
206        <activity
206-->src/main/AndroidManifest.xml:154:3-165:14
207            android:name="com.synapse.social.studioasinc.CheckpermissionActivity"
207-->src/main/AndroidManifest.xml:155:4-43
208            android:configChanges="orientation|screenSize|keyboardHidden|smallestScreenSize|screenLayout"
208-->src/main/AndroidManifest.xml:156:4-97
209            android:exported="true"
209-->src/main/AndroidManifest.xml:160:4-27
210            android:hardwareAccelerated="true"
210-->src/main/AndroidManifest.xml:157:4-38
211            android:supportsPictureInPicture="true"
211-->src/main/AndroidManifest.xml:158:4-43
212            android:windowSoftInputMode="stateHidden" >
212-->src/main/AndroidManifest.xml:159:4-45
213            <intent-filter>
213-->src/main/AndroidManifest.xml:161:4-164:20
214                <action android:name="android.intent.action.MAIN" />
214-->src/main/AndroidManifest.xml:162:5-57
214-->src/main/AndroidManifest.xml:162:13-54
215
216                <category android:name="android.intent.category.LAUNCHER" />
216-->src/main/AndroidManifest.xml:163:5-65
216-->src/main/AndroidManifest.xml:163:15-62
217            </intent-filter>
218        </activity>
219        <activity
219-->src/main/AndroidManifest.xml:166:3-171:48
220            android:name="com.synapse.social.studioasinc.AuthActivity"
220-->src/main/AndroidManifest.xml:167:4-32
221            android:configChanges="orientation|screenSize|keyboardHidden|smallestScreenSize|screenLayout"
221-->src/main/AndroidManifest.xml:168:4-97
222            android:hardwareAccelerated="true"
222-->src/main/AndroidManifest.xml:169:4-38
223            android:supportsPictureInPicture="true"
223-->src/main/AndroidManifest.xml:170:4-43
224            android:windowSoftInputMode="stateHidden" />
224-->src/main/AndroidManifest.xml:171:4-45
225        <activity
225-->src/main/AndroidManifest.xml:172:3-178:48
226            android:name="com.synapse.social.studioasinc.CompleteProfileActivity"
226-->src/main/AndroidManifest.xml:173:4-43
227            android:configChanges="orientation|screenSize|keyboardHidden|smallestScreenSize|screenLayout"
227-->src/main/AndroidManifest.xml:174:4-97
228            android:hardwareAccelerated="true"
228-->src/main/AndroidManifest.xml:175:4-38
229            android:screenOrientation="portrait"
229-->src/main/AndroidManifest.xml:177:4-40
230            android:supportsPictureInPicture="true"
230-->src/main/AndroidManifest.xml:176:4-43
231            android:windowSoftInputMode="stateHidden" />
231-->src/main/AndroidManifest.xml:178:4-45
232        <activity
232-->src/main/AndroidManifest.xml:179:3-183:46
233            android:name="com.synapse.social.studioasinc.CallActivity"
233-->src/main/AndroidManifest.xml:180:4-32
234            android:configChanges="orientation|screenSize|keyboardHidden|smallestScreenSize|screenLayout"
234-->src/main/AndroidManifest.xml:181:4-97
235            android:hardwareAccelerated="true"
235-->src/main/AndroidManifest.xml:182:4-38
236            android:supportsPictureInPicture="true" />
236-->src/main/AndroidManifest.xml:183:4-43
237        <activity
237-->src/main/AndroidManifest.xml:184:3-189:48
238            android:name="com.synapse.social.studioasinc.DisappearingMessageSettingsActivity"
238-->src/main/AndroidManifest.xml:185:4-55
239            android:configChanges="orientation|screenSize|keyboardHidden|smallestScreenSize|screenLayout"
239-->src/main/AndroidManifest.xml:186:4-97
240            android:hardwareAccelerated="true"
240-->src/main/AndroidManifest.xml:187:4-38
241            android:supportsPictureInPicture="true"
241-->src/main/AndroidManifest.xml:188:4-43
242            android:windowSoftInputMode="stateHidden" />
242-->src/main/AndroidManifest.xml:189:4-45
243        <activity
243-->src/main/AndroidManifest.xml:190:3-195:48
244            android:name="com.synapse.social.studioasinc.BgWallpapersActivity"
244-->src/main/AndroidManifest.xml:191:4-40
245            android:configChanges="orientation|screenSize|keyboardHidden|smallestScreenSize|screenLayout"
245-->src/main/AndroidManifest.xml:192:4-97
246            android:hardwareAccelerated="true"
246-->src/main/AndroidManifest.xml:193:4-38
247            android:supportsPictureInPicture="true"
247-->src/main/AndroidManifest.xml:194:4-43
248            android:windowSoftInputMode="stateHidden" />
248-->src/main/AndroidManifest.xml:195:4-45
249        <activity
249-->src/main/AndroidManifest.xml:196:3-201:43
250            android:name="com.synapse.social.studioasinc.InboxActivity"
250-->src/main/AndroidManifest.xml:197:4-33
251            android:configChanges="orientation|screenSize|keyboardHidden|smallestScreenSize|screenLayout"
251-->src/main/AndroidManifest.xml:198:4-97
252            android:hardwareAccelerated="true"
252-->src/main/AndroidManifest.xml:199:4-38
253            android:screenOrientation="portrait"
253-->src/main/AndroidManifest.xml:201:4-40
254            android:supportsPictureInPicture="true" />
254-->src/main/AndroidManifest.xml:200:4-43
255        <activity